#
# There is insufficient memory for the Java Runtime Environment to continue.
# Native memory allocation (malloc) failed to allocate 1048576 bytes for AllocateHeap
# Possible reasons:
#   The system is out of physical RAM or swap space
#   In 32 bit mode, the process size limit was hit
# Possible solutions:
#   Reduce memory load on the system
#   Increase physical memory or swap space
#   Check if swap backing store is full
#   Use 64 bit Java on a 64 bit OS
#   Decrease Java heap size (-Xmx/-Xms)
#   Decrease number of Java threads
#   Decrease Java thread stack sizes (-Xss)
#   Set larger code cache with -XX:ReservedCodeCacheSize=
# This output file may be truncated or incomplete.
#
#  Out of Memory Error (memory/allocation.inline.hpp:61), pid=8804, tid=11184
#
# JRE version:  (8.0_77-b03) (build )
# Java VM: Java HotSpot(TM) 64-Bit Server VM (25.77-b03 mixed mode windows-amd64 compressed oops)
# Failed to write core dump. Minidumps are not enabled by default on client versions of Windows
#

---------------  T H R E A D  ---------------

Current thread (0x00000000028b0800):  JavaThread "Unknown thread" [_thread_in_vm, id=11184, stack(0x00000000026c0000,0x00000000027c0000)]

Stack: [0x00000000026c0000,0x00000000027c0000]
[error occurred during error reporting (printing stack bounds), id 0xc0000005]

Native frames: (J=compiled Java code, j=interpreted, Vv=VM code, C=native code)


---------------  P R O C E S S  ---------------

Java Threads: ( => current thread )

Other Threads:

=>0x00000000028b0800 (exited) JavaThread "Unknown thread" [_thread_in_vm, id=11184, stack(0x00000000026c0000,0x00000000027c0000)]

VM state:not at safepoint (normal execution)

VM Mutex/Monitor currently owned by a thread: None

Heap:
 PSYoungGen      total 38400K, used 665K [0x00000000eab00000, 0x00000000ed580000, 0x0000000100000000)
  eden space 33280K, 2% used [0x00000000eab00000,0x00000000eaba6670,0x00000000ecb80000)
  from space 5120K, 0% used [0x00000000ed080000,0x00000000ed080000,0x00000000ed580000)
  to   space 5120K, 0% used [0x00000000ecb80000,0x00000000ecb80000,0x00000000ed080000)
 ParOldGen       total 87552K, used 0K [0x00000000c0000000, 0x00000000c5580000, 0x00000000eab00000)
  object space 87552K, 0% used [0x00000000c0000000,0x00000000c0000000,0x00000000c5580000)
 Metaspace       used 769K, capacity 4480K, committed 4480K, reserved 1056768K
  class space    used 75K, capacity 384K, committed 384K, reserved 1048576K

Card table byte_map: [0x0000000011d70000,0x0000000011f80000] byte_map_base: 0x0000000011770000

Marking Bits: (ParMarkBitMap*) 0x0000000065e70600
 Begin Bits: [0x00000000128e0000, 0x00000000138e0000)
 End Bits:   [0x00000000138e0000, 0x00000000148e0000)

Polling page: 0x00000000027c0000

CodeCache: size=245760Kb used=328Kb max_used=328Kb free=245431Kb
 bounds [0x00000000029b0000, 0x0000000002c20000, 0x00000000119b0000]
 total_blobs=58 nmethods=0 adapters=38
 compilation: enabled

Compilation events (0 events):
No events

GC Heap History (0 events):
No events

Deoptimization events (0 events):
No events

Internal exceptions (0 events):
No events

Events (10 events):
Event: 0.022 loading class java/lang/Short
Event: 0.022 loading class java/lang/Short done
Event: 0.022 loading class java/lang/Integer
Event: 0.022 loading class java/lang/Integer done
Event: 0.022 loading class java/lang/Long
Event: 0.022 loading class java/lang/Long done
Event: 0.023 loading class java/lang/NullPointerException
Event: 0.023 loading class java/lang/NullPointerException done
Event: 0.023 loading class java/lang/ArithmeticException
Event: 0.023 loading class java/lang/ArithmeticException done


Dynamic libraries:
0x00007ff6da020000 - 0x00007ff6da057000 	C:\Program Files\Java\jdk1.8.0_77\bin\java.exe
0x00007ffc60230000 - 0x00007ffc603f1000 	C:\WINDOWS\SYSTEM32\ntdll.dll
0x00007ffc5e7f0000 - 0x00007ffc5e89d000 	C:\WINDOWS\system32\KERNEL32.DLL
0x00007ffc5d1c0000 - 0x00007ffc5d3a8000 	C:\WINDOWS\system32\KERNELBASE.dll
0x00007ffc5e740000 - 0x00007ffc5e7e7000 	C:\WINDOWS\system32\ADVAPI32.dll
0x00007ffc5e6a0000 - 0x00007ffc5e73d000 	C:\WINDOWS\system32\msvcrt.dll
0x00007ffc5db30000 - 0x00007ffc5db8b000 	C:\WINDOWS\system32\sechost.dll
0x00007ffc5da00000 - 0x00007ffc5db1c000 	C:\WINDOWS\system32\RPCRT4.dll
0x00007ffc5e460000 - 0x00007ffc5e5b6000 	C:\WINDOWS\system32\USER32.dll
0x00007ffc5dff0000 - 0x00007ffc5e176000 	C:\WINDOWS\system32\GDI32.dll
0x00007ffc57730000 - 0x00007ffc579a4000 	C:\WINDOWS\WinSxS\amd64_microsoft.windows.common-controls_6595b64144ccf1df_6.0.10586.0_none_8c15ae12515e1c22\COMCTL32.dll
0x00007ffc5dd70000 - 0x00007ffc5dfed000 	C:\WINDOWS\system32\combase.dll
0x00007ffc5c8e0000 - 0x00007ffc5c94a000 	C:\WINDOWS\system32\bcryptPrimitives.dll
0x00007ffc5db90000 - 0x00007ffc5dbcb000 	C:\WINDOWS\system32\IMM32.DLL
0x0000000065170000 - 0x0000000065242000 	C:\Program Files\Java\jdk1.8.0_77\jre\bin\msvcr100.dll
0x0000000065660000 - 0x0000000065ef0000 	C:\Program Files\Java\jdk1.8.0_77\jre\bin\server\jvm.dll
0x00007ffc5db20000 - 0x00007ffc5db28000 	C:\WINDOWS\system32\PSAPI.DLL
0x00007ffc55280000 - 0x00007ffc55289000 	C:\WINDOWS\SYSTEM32\WSOCK32.dll
0x00007ffc5ada0000 - 0x00007ffc5adc3000 	C:\WINDOWS\SYSTEM32\WINMM.dll
0x00007ffc58000000 - 0x00007ffc5800a000 	C:\WINDOWS\SYSTEM32\VERSION.dll
0x0000000002640000 - 0x000000000266c000 	C:\WINDOWS\SYSTEM32\WINMMBASE.dll
0x00007ffc5d150000 - 0x00007ffc5d193000 	C:\WINDOWS\system32\cfgmgr32.dll
0x00007ffc5dd00000 - 0x00007ffc5dd6b000 	C:\WINDOWS\system32\ws2_32.DLL
0x0000000066230000 - 0x000000006623f000 	C:\Program Files\Java\jdk1.8.0_77\jre\bin\verify.dll
0x0000000066200000 - 0x0000000066229000 	C:\Program Files\Java\jdk1.8.0_77\jre\bin\java.dll
0x0000000065640000 - 0x0000000065656000 	C:\Program Files\Java\jdk1.8.0_77\jre\bin\zip.dll

VM Arguments:
jvm_args: -Djava.awt.headless=true -Xmx1024M -Dfile.encoding=windows-1252 -Duser.country=IN -Duser.language=en -Duser.variant 
java_command: com.android.dx.command.Main --dex --force-jumbo --num-threads=4 --multi-dex --output D:\MyApplication2\app\build\intermediates\transforms\dex\debug\folders\1000\5\slice_0 D:\MyApplication2\app\build\intermediates\transforms\instantRunSlicer\debug\folders\1\5\slice_0
java_class_path (initial): C:\Users\Lokesh\AppData\Local\Android\sdk\build-tools\24.0.0\lib\dx.jar
Launcher Type: SUN_STANDARD

Environment Variables:
PATH=C:\ProgramData\Oracle\Java\javapath;C:\WINDOWS\system32;C:\WINDOWS;C:\WINDOWS\System32\Wbem;C:\WINDOWS\System32\WindowsPowerShell\v1.0\;C:\wamp64\bin\php\php7.0.0;C:\Users\Lokesh\AppData\Local\atom\bin
USERNAME=lokeshsaini94
OS=Windows_NT
PROCESSOR_IDENTIFIER=Intel64 Family 6 Model 60 Stepping 3, GenuineIntel



---------------  S Y S T E M  ---------------

OS: Windows 10.0 , 64 bit Build 10586 (10.0.10586.0)

CPU:total 8 (4 cores per cpu, 2 threads per core) family 6 model 60 stepping 3, cmov, cx8, fxsr, mmx, sse, sse2, sse3, ssse3, sse4.1, sse4.2, popcnt, avx, avx2, aes, clmul, erms, lzcnt, ht, tsc, tscinvbit, bmi1, bmi2

Memory: 4k page, physical 8298776k(1680056k free), swap 10253592k(5640k free)

vm_info: Java HotSpot(TM) 64-Bit Server VM (25.77-b03) for windows-amd64 JRE (1.8.0_77-b03), built on Mar 20 2016 22:01:33 by "java_re" with MS VC++ 10.0 (VS2010)

time: Wed Jun 29 05:32:59 2016
elapsed time: 0 seconds (0d 0h 0m 0s)

